SF:lib/services/file_picker/file_picker.dart
DA:13,0
LF:1
LH:0
end_of_record
SF:lib/services/image_editor/image_editor.dart
DA:10,0
LF:1
LH:0
end_of_record
SF:lib/services/screenshot_service/screenshot_service.dart
DA:11,0
LF:1
LH:0
end_of_record
SF:lib/ui/common/error/invalid_state_error.dart
DA:4,2
DA:6,0
DA:7,0
LF:3
LH:1
end_of_record
SF:lib/ui/screens/editor_screen/bloc/screenshot_cubit/screenshot_cubit.dart
DA:59,1
DA:61,1
DA:62,2
DA:63,3
DA:67,1
DA:68,2
DA:70,1
DA:71,8
DA:72,4
DA:75,1
DA:76,4
DA:79,1
DA:80,5
DA:83,1
DA:84,4
DA:87,1
DA:88,4
DA:91,1
DA:92,4
DA:95,1
DA:96,3
DA:99,6
DA:102,3
DA:103,4
DA:129,1
DA:136,3
DA:140,4
DA:141,2
DA:145,1
DA:146,2
DA:147,2
DA:148,4
DA:149,1
DA:263,3
DA:266,0
DA:267,0
DA:269,0
DA:270,0
DA:271,0
DA:272,0
DA:273,0
DA:274,0
DA:280,1
DA:281,2
DA:282,2
DA:283,1
DA:284,2
DA:292,0
DA:296,0
DA:299,0
DA:300,0
DA:301,0
DA:302,0
DA:309,0
DA:310,0
DA:311,0
DA:312,0
DA:313,0
DA:314,0
DA:317,0
DA:326,0
DA:354,0
DA:356,0
DA:357,0
DA:358,0
DA:359,0
DA:360,0
DA:361,0
DA:362,0
DA:363,0
DA:364,0
DA:365,0
DA:378,0
DA:380,0
DA:381,0
DA:382,0
DA:383,0
DA:384,0
DA:385,0
DA:386,0
DA:387,0
LF:81
LH:39
end_of_record
SF:lib/ui/screens/editor_screen/bloc/screenshot_cubit/screenshot_state.dart
DA:5,1
DA:30,2
DA:32,1
DA:34,1
LF:4
LH:4
end_of_record
SF:lib/services/editor/editor.dart
DA:24,0
DA:27,0
DA:34,0
DA:37,0
DA:63,1
DA:98,0
DA:99,0
DA:100,2
LF:8
LH:2
end_of_record
SF:lib/extensions/string_extension.dart
DA:9,0
DA:23,0
DA:28,0
DA:39,0
DA:43,0
DA:48,0
DA:50,0
DA:51,0
DA:54,0
DA:55,0
DA:56,0
DA:58,0
DA:60,0
DA:61,0
DA:63,0
DA:69,1
DA:70,2
LF:17
LH:2
end_of_record
SF:lib/services/file_picker/file_picker_impl.dart
DA:11,0
DA:13,0
DA:19,0
DA:26,0
DA:29,0
DA:34,0
DA:38,0
LF:7
LH:0
end_of_record
SF:lib/services/image_editor/image_editor_impl.dart
DA:9,0
DA:18,0
DA:20,0
DA:30,0
DA:36,0
DA:39,0
DA:41,0
DA:42,0
DA:45,0
DA:46,0
DA:47,0
DA:50,0
DA:54,0
DA:61,0
DA:63,0
DA:71,0
DA:77,0
DA:79,0
DA:80,0
DA:81,0
DA:84,0
DA:88,0
DA:95,0
DA:97,0
DA:105,0
DA:106,0
DA:107,0
DA:110,0
DA:116,0
DA:117,0
DA:119,0
DA:120,0
DA:123,0
DA:137,0
DA:153,0
DA:167,0
LF:36
LH:0
end_of_record
SF:lib/services/image_editor/image_editor_exception.dart
DA:4,0
DA:6,0
DA:7,0
LF:3
LH:0
end_of_record
SF:lib/ui/common/styles/styles.dart
DA:3,0
DA:4,0
DA:8,0
DA:9,0
DA:13,0
DA:14,0
DA:18,0
DA:19,0
DA:20,0
DA:22,0
DA:24,0
DA:25,0
DA:27,0
DA:28,0
DA:29,0
DA:30,0
LF:16
LH:0
end_of_record
SF:lib/ui/common/widgets/info_dialog.dart
DA:5,0
DA:6,0
DA:8,0
DA:9,0
DA:10,0
DA:14,0
DA:15,0
DA:16,0
DA:17,0
DA:18,0
DA:21,0
DA:23,0
DA:24,0
DA:25,0
DA:26,0
DA:28,0
DA:29,0
DA:31,0
DA:32,0
DA:33,0
DA:35,0
DA:37,0
DA:39,0
DA:44,0
DA:46,0
DA:48,0
DA:49,0
DA:50,0
DA:52,0
DA:53,0
DA:54,0
LF:31
LH:0
end_of_record
SF:lib/extensions/double_extension.dart
DA:3,0
LF:1
LH:0
end_of_record
SF:lib/services/screenshot_service/screenshot_service_impl.dart
DA:12,0
DA:19,0
DA:27,0
DA:41,0
DA:43,0
DA:47,0
DA:49,0
DA:50,0
DA:52,0
DA:54,0
DA:55,0
DA:56,0
DA:57,0
DA:63,0
DA:64,0
DA:65,0
DA:66,0
DA:73,0
DA:74,0
DA:76,0
DA:78,0
DA:81,0
DA:85,0
DA:88,0
DA:90,0
DA:91,0
DA:92,0
DA:100,0
DA:103,0
DA:108,0
DA:111,0
DA:112,0
DA:113,0
DA:114,0
DA:116,0
DA:118,0
DA:120,0
DA:122,0
LF:38
LH:0
end_of_record
